TN:
SF:/Users/andeladeveloper/repositories/phone-number-generator/server/app.js
FN:9,(anonymous_0)
FN:29,(anonymous_1)
FN:36,(anonymous_2)
FNF:3
FNH:2
FNDA:7,(anonymous_0)
FNDA:0,(anonymous_1)
FNDA:1,(anonymous_2)
DA:1,1
DA:2,1
DA:3,1
DA:4,1
DA:5,1
DA:7,1
DA:9,1
DA:10,7
DA:11,7
DA:12,7
DA:13,0
DA:14,0
DA:16,7
DA:19,1
DA:20,1
DA:23,1
DA:26,1
DA:27,0
DA:29,0
DA:30,0
DA:34,1
DA:36,1
DA:37,1
DA:40,1
LF:24
LH:19
BRDA:12,0,0,0
BRDA:12,0,1,7
BRDA:26,1,0,0
BRDA:26,1,1,1
BRF:4
BRH:2
end_of_record
TN:
SF:/Users/andeladeveloper/repositories/phone-number-generator/server/controllers/PhoneNumber.js
FN:9,generatePhoneNumbers
FN:48,getPhoneNumbers
FN:53,(anonymous_2)
FN:73,downloadFile
FN:76,(anonymous_4)
FNF:5
FNH:5
FNDA:4,generatePhoneNumbers
FNDA:2,getPhoneNumbers
FNDA:1,(anonymous_2)
FNDA:1,downloadFile
FNDA:1,(anonymous_4)
DA:1,1
DA:2,1
DA:4,1
DA:5,1
DA:7,1
DA:9,1
DA:10,4
DA:11,4
DA:12,4
DA:14,4
DA:15,1
DA:22,3
DA:23,1
DA:30,2
DA:31,1
DA:38,1
DA:39,1
DA:41,1
DA:48,1
DA:49,2
DA:50,1
DA:53,1
DA:54,1
DA:55,0
DA:58,1
DA:59,1
DA:61,1
DA:73,1
DA:74,1
DA:76,1
DA:77,1
DA:78,0
LF:32
LH:30
BRDA:14,0,0,1
BRDA:14,0,1,3
BRDA:22,1,0,1
BRDA:22,1,1,2
BRDA:30,2,0,1
BRDA:30,2,1,1
BRDA:49,3,0,1
BRDA:49,3,1,1
BRDA:54,4,0,0
BRDA:54,4,1,1
BRDA:77,5,0,0
BRDA:77,5,1,1
BRF:12
BRH:10
end_of_record
TN:
SF:/Users/andeladeveloper/repositories/phone-number-generator/server/helpers/numbers.js
FN:3,generateNumbers
FN:11,(anonymous_1)
FN:16,writeToFile
FN:17,(anonymous_3)
FN:22,(anonymous_4)
FN:22,_callee
FN:22,writeNumbersToFile
FN:30,fileExists
FN:36,removeFile
FN:37,(anonymous_10)
FNF:10
FNH:9
FNDA:1,generateNumbers
FNDA:0,(anonymous_1)
FNDA:1,writeToFile
FNDA:1,(anonymous_3)
FNDA:1,(anonymous_4)
FNDA:3,_callee
FNDA:1,writeNumbersToFile
FNDA:1,fileExists
FNDA:1,removeFile
FNDA:1,(anonymous_10)
DA:1,1
DA:3,1
DA:4,1
DA:5,1
DA:6,1
DA:7,4
DA:8,4
DA:11,1
DA:13,1
DA:16,1
DA:17,1
DA:18,1
DA:22,11
DA:24,1
DA:26,0
DA:30,1
DA:31,1
DA:32,0
DA:36,1
DA:37,1
DA:38,1
LF:21
LH:19
BRDA:11,0,0,0
BRDA:11,0,1,1
BRDA:18,1,0,0
BRDA:18,1,1,1
BRDA:22,2,0,1
BRDA:22,2,1,1
BRDA:22,2,2,0
BRDA:22,2,3,1
BRDA:22,2,4,1
BRDA:31,3,0,0
BRDA:31,3,1,1
BRDA:38,4,0,0
BRDA:38,4,1,1
BRF:13
BRH:8
end_of_record
TN:
SF:/Users/andeladeveloper/repositories/phone-number-generator/server/helpers/validators.js
FN:1,IsNotANumber
FN:7,IsGreaterThanMaximumNumber
FN:13,IsLessThanMinimumNumber
FNF:3
FNH:3
FNDA:4,IsNotANumber
FNDA:2,IsGreaterThanMaximumNumber
FNDA:3,IsLessThanMinimumNumber
DA:1,1
DA:2,4
DA:3,1
DA:7,1
DA:8,2
DA:9,1
DA:13,1
DA:14,3
DA:15,1
LF:9
LH:9
BRDA:2,0,0,1
BRDA:2,0,1,3
BRDA:8,1,0,1
BRDA:8,1,1,1
BRDA:14,2,0,1
BRDA:14,2,1,2
BRF:6
BRH:6
end_of_record
TN:
SF:/Users/andeladeveloper/repositories/phone-number-generator/server/routes/index.js
FNF:0
FNH:0
DA:1,1
DA:2,1
DA:4,1
DA:6,1
DA:7,1
DA:8,1
DA:10,1
LF:7
LH:7
BRF:0
BRH:0
end_of_record
TN:
SF:/Users/andeladeveloper/repositories/phone-number-generator/server/tests/controllers/phoneNumber.spec.js
FN:12,(anonymous_0)
FN:13,(anonymous_1)
FN:14,(anonymous_2)
FN:19,(anonymous_3)
FN:28,(anonymous_4)
FN:33,(anonymous_5)
FN:43,(anonymous_6)
FN:48,(anonymous_7)
FN:58,(anonymous_8)
FN:63,(anonymous_9)
FN:74,(anonymous_10)
FN:75,(anonymous_11)
FN:79,(anonymous_12)
FN:87,(anonymous_13)
FN:88,(anonymous_14)
FN:92,(anonymous_15)
FN:103,(anonymous_16)
FN:108,(anonymous_17)
FNF:18
FNH:18
FNDA:1,(anonymous_0)
FNDA:1,(anonymous_1)
FNDA:1,(anonymous_2)
FNDA:1,(anonymous_3)
FNDA:1,(anonymous_4)
FNDA:1,(anonymous_5)
FNDA:1,(anonymous_6)
FNDA:1,(anonymous_7)
FNDA:1,(anonymous_8)
FNDA:1,(anonymous_9)
FNDA:1,(anonymous_10)
FNDA:1,(anonymous_11)
FNDA:1,(anonymous_12)
FNDA:1,(anonymous_13)
FNDA:1,(anonymous_14)
FNDA:1,(anonymous_15)
FNDA:1,(anonymous_16)
FNDA:1,(anonymous_17)
DA:1,1
DA:2,1
DA:3,1
DA:4,1
DA:6,1
DA:8,1
DA:10,1
DA:12,1
DA:13,1
DA:14,1
DA:15,1
DA:20,1
DA:22,1
DA:23,1
DA:24,1
DA:28,1
DA:29,1
DA:34,1
DA:36,1
DA:37,1
DA:38,1
DA:39,1
DA:43,1
DA:44,1
DA:49,1
DA:51,1
DA:52,1
DA:53,1
DA:54,1
DA:58,1
DA:59,1
DA:64,1
DA:66,1
DA:67,1
DA:68,1
DA:69,1
DA:74,1
DA:75,1
DA:76,1
DA:80,1
DA:81,1
DA:82,1
DA:87,1
DA:88,1
DA:89,1
DA:93,1
DA:95,1
DA:96,1
DA:97,1
DA:98,1
DA:99,1
DA:103,1
DA:104,1
DA:105,1
DA:109,1
DA:110,1
DA:112,1
DA:113,1
LF:58
LH:58
BRF:0
BRH:0
end_of_record
